TN:
SF:src\app.ts
FNF:0
FNH:0
DA:1,1
DA:2,1
DA:3,1
DA:4,1
DA:5,1
DA:6,1
DA:7,1
DA:8,1
DA:9,1
DA:10,1
DA:11,1
DA:12,1
DA:13,1
DA:14,1
DA:15,1
DA:16,1
DA:17,0
DA:18,0
DA:19,1
DA:20,1
DA:21,1
DA:22,1
DA:23,1
DA:24,1
DA:25,1
DA:26,1
DA:27,1
DA:28,1
DA:29,1
LF:29
LH:27
BRF:0
BRH:0
end_of_record
TN:
SF:src\data-source.ts
FN:6,setDataSourceConfig
FNF:1
FNH:1
FNDA:2,setDataSourceConfig
DA:1,1
DA:2,1
DA:3,1
DA:4,1
DA:5,1
DA:6,1
DA:7,2
DA:8,2
DA:9,2
DA:10,2
DA:11,2
DA:12,2
DA:13,2
DA:14,2
DA:15,2
DA:16,0
DA:17,0
DA:18,0
DA:19,0
DA:20,0
DA:21,0
DA:22,0
DA:23,2
DA:24,2
DA:25,2
DA:26,2
DA:27,2
DA:28,2
DA:29,2
DA:30,2
DA:31,2
DA:32,2
DA:33,0
DA:34,0
DA:35,0
DA:36,0
DA:37,0
DA:38,0
DA:39,0
DA:40,0
DA:41,0
DA:42,0
DA:43,0
DA:44,0
DA:45,0
DA:46,0
DA:47,1
DA:48,1
DA:49,1
LF:49
LH:28
BRDA:6,0,0,2
BRDA:15,1,0,0
BRDA:33,2,0,0
BRF:3
BRH:1
end_of_record
TN:
SF:src\__tests__\mocks\index.ts
FNF:0
FNH:0
DA:1,1
DA:2,1
DA:3,1
DA:4,1
DA:5,1
DA:6,1
DA:7,1
DA:8,1
DA:9,1
DA:10,1
DA:11,1
DA:12,1
DA:13,1
DA:14,1
DA:15,1
DA:16,1
DA:17,1
DA:18,1
DA:19,1
DA:20,1
DA:21,1
DA:22,1
DA:23,1
DA:24,1
DA:25,1
DA:26,1
DA:27,1
DA:28,1
DA:29,1
DA:30,1
DA:31,1
DA:32,1
DA:33,1
DA:34,1
DA:35,1
DA:36,1
DA:37,1
DA:38,1
DA:39,1
DA:40,1
DA:41,1
DA:42,1
DA:43,1
DA:44,1
DA:45,1
DA:46,1
DA:47,1
DA:48,1
DA:49,1
DA:50,1
DA:51,1
DA:52,1
DA:53,1
DA:54,1
DA:55,1
DA:56,1
DA:57,1
DA:58,1
DA:59,1
DA:60,1
DA:61,1
DA:62,1
DA:63,1
DA:64,1
DA:65,1
DA:66,1
DA:67,1
DA:68,1
DA:69,1
DA:70,1
DA:71,1
DA:72,1
DA:73,1
DA:74,1
DA:75,1
DA:76,1
DA:77,1
DA:78,1
DA:79,1
DA:80,1
DA:81,1
DA:82,1
DA:83,1
DA:84,1
DA:85,1
DA:86,1
DA:87,1
DA:88,1
DA:89,1
DA:90,1
DA:91,1
DA:92,1
DA:93,1
DA:94,1
DA:95,1
DA:96,1
DA:97,1
DA:98,1
DA:99,1
DA:100,1
DA:101,1
DA:102,1
DA:103,1
DA:104,1
DA:105,1
DA:106,1
DA:107,1
DA:108,1
DA:109,1
DA:110,1
DA:111,1
DA:112,1
DA:113,1
DA:114,1
DA:115,1
DA:116,1
DA:117,1
DA:118,1
DA:119,1
DA:120,1
DA:121,1
DA:122,1
DA:123,1
DA:124,1
DA:125,1
DA:126,1
DA:127,1
DA:128,1
DA:129,1
DA:130,1
DA:131,1
DA:132,1
DA:133,1
DA:134,1
DA:135,1
DA:136,1
DA:137,1
DA:138,1
DA:139,1
DA:140,1
DA:141,1
DA:142,1
DA:143,1
DA:144,1
DA:145,1
DA:146,1
DA:147,1
DA:148,1
DA:149,1
DA:150,1
DA:151,1
DA:152,1
DA:153,1
DA:154,1
DA:155,1
DA:156,1
DA:157,1
DA:158,1
DA:159,1
DA:160,1
DA:161,1
LF:161
LH:161
BRF:0
BRH:0
end_of_record
TN:
SF:src\controllers\index.ts
FN:8,get
FN:8,get
FN:8,get
FN:8,get
FN:8,get
FN:8,get
FN:8,get
FN:8,get
FN:8,get
FN:8,get
FN:8,get
FN:8,get
FN:8,get
FN:8,get
FNF:14
FNH:13
FNDA:2,get
FNDA:2,get
FNDA:2,get
FNDA:2,get
FNDA:2,get
FNDA:2,get
FNDA:2,get
FNDA:2,get
FNDA:2,get
FNDA:2,get
FNDA:2,get
FNDA:2,get
FNDA:2,get
FNDA:0,get
DA:1,1
DA:2,1
DA:3,1
DA:4,1
DA:5,1
DA:6,1
DA:7,1
DA:8,1
LF:8
LH:8
BRDA:8,0,0,2
BRDA:8,1,0,2
BRDA:8,2,0,2
BRDA:8,3,0,2
BRDA:8,4,0,2
BRDA:8,5,0,2
BRDA:8,6,0,2
BRDA:8,7,0,2
BRDA:8,8,0,2
BRDA:8,9,0,2
BRDA:8,10,0,2
BRDA:8,11,0,2
BRDA:8,12,0,2
BRF:13
BRH:13
end_of_record
TN:
SF:src\controllers\companies\companies.controllers.ts
FN:8,createCompanyController
FN:15,listAllCompaniesController
FN:20,uptadeCompanyController
FN:28,deleteCompanyController
FNF:4
FNH:2
FNDA:5,createCompanyController
FNDA:6,listAllCompaniesController
FNDA:0,uptadeCompanyController
FNDA:0,deleteCompanyController
DA:1,1
DA:2,1
DA:3,1
DA:4,1
DA:5,1
DA:6,1
DA:7,1
DA:8,1
DA:9,5
DA:10,5
DA:11,5
DA:12,3
DA:13,3
DA:14,1
DA:15,1
DA:16,6
DA:17,6
DA:18,6
DA:19,1
DA:20,1
DA:21,0
DA:22,0
DA:23,0
DA:24,0
DA:25,0
DA:26,0
DA:27,1
DA:28,1
DA:29,0
DA:30,0
DA:31,0
DA:32,0
DA:33,0
DA:34,1
DA:35,1
LF:35
LH:24
BRDA:8,0,0,5
BRDA:8,1,0,5
BRDA:12,2,0,3
BRDA:15,3,0,6
BRDA:15,4,0,6
BRF:5
BRH:5
end_of_record
TN:
SF:src\controllers\jobToUser\jobToUser.controller.ts
FN:6,createJobToUserController
FN:14,listJobToUserController
FN:22,deleteJobToUserController
FNF:3
FNH:3
FNDA:5,createJobToUserController
FNDA:3,listJobToUserController
FNDA:2,deleteJobToUserController
DA:1,1
DA:2,1
DA:3,1
DA:4,1
DA:5,1
DA:6,1
DA:7,5
DA:8,5
DA:9,5
DA:10,2
DA:11,2
DA:12,2
DA:13,1
DA:14,1
DA:15,3
DA:16,3
DA:17,3
DA:18,3
DA:19,3
DA:20,3
DA:21,1
DA:22,1
DA:23,2
DA:24,2
DA:25,1
DA:26,1
DA:27,1
LF:27
LH:27
BRDA:6,0,0,5
BRDA:6,1,0,5
BRDA:10,2,0,2
BRDA:14,3,0,3
BRDA:14,4,0,3
BRDA:22,5,0,2
BRDA:22,6,0,2
BRDA:25,7,0,1
BRF:8
BRH:8
end_of_record
TN:
SF:src\controllers\jobs\job.controller.ts
FN:4,createJobController
FN:12,getAllJobsController
FN:18,updateJobController
FN:26,deleteJobController
FN:34,getCompanyJobsController
FN:41,getTechnologiesJobsController
FN:48,getCandidatesJobController
FNF:7
FNH:6
FNDA:3,createJobController
FNDA:13,getAllJobsController
FNDA:1,updateJobController
FNDA:0,deleteJobController
FNDA:2,getCompanyJobsController
FNDA:2,getTechnologiesJobsController
FNDA:3,getCandidatesJobController
DA:1,1
DA:2,1
DA:3,1
DA:4,1
DA:5,3
DA:6,3
DA:7,3
DA:8,2
DA:9,2
DA:10,2
DA:11,1
DA:12,1
DA:13,13
DA:14,13
DA:15,13
DA:16,13
DA:17,1
DA:18,1
DA:19,1
DA:20,1
DA:21,1
DA:22,1
DA:23,1
DA:24,1
DA:25,1
DA:26,1
DA:27,0
DA:28,0
DA:29,0
DA:30,0
DA:31,0
DA:32,0
DA:33,1
DA:34,1
DA:35,2
DA:36,2
DA:37,1
DA:38,1
DA:39,1
DA:40,1
DA:41,1
DA:42,2
DA:43,2
DA:44,1
DA:45,1
DA:46,1
DA:47,1
DA:48,1
DA:49,3
DA:50,3
DA:51,3
DA:52,3
DA:53,1
DA:54,1
DA:55,1
LF:55
LH:49
BRDA:4,0,0,3
BRDA:4,1,0,3
BRDA:8,2,0,2
BRDA:12,3,0,13
BRDA:12,4,0,13
BRDA:18,5,0,1
BRDA:18,6,0,1
BRDA:34,7,0,2
BRDA:34,8,0,2
BRDA:37,9,0,1
BRDA:41,10,0,2
BRDA:41,11,0,2
BRDA:44,12,0,1
BRDA:48,13,0,3
BRDA:48,14,0,3
BRDA:53,15,0,1
BRF:16
BRH:16
end_of_record
TN:
SF:src\controllers\session\sessionController.controllers.ts
FN:5,sessionController
FNF:1
FNH:1
FNDA:31,sessionController
DA:1,1
DA:2,1
DA:3,1
DA:4,1
DA:5,1
DA:6,31
DA:7,31
DA:8,31
DA:9,31
DA:10,31
DA:11,31
LF:11
LH:11
BRDA:5,0,0,31
BRDA:5,1,0,31
BRF:2
BRH:2
end_of_record
TN:
SF:src\controllers\techs\techs.controller.ts
FN:4,listTechnologiesController
FNF:1
FNH:1
FNDA:2,listTechnologiesController
DA:1,1
DA:2,1
DA:3,1
DA:4,1
DA:5,2
DA:6,2
DA:7,2
DA:8,1
DA:9,1
DA:10,1
LF:10
LH:10
BRDA:4,0,0,2
BRDA:4,1,0,2
BRF:2
BRH:2
end_of_record
TN:
SF:src\controllers\users\users.controllers.ts
FN:5,createUserController
FN:12,getAllUsersController
FN:17,getUserController
FN:22,deleteUserController
FN:27,updateUserController
FNF:5
FNH:1
FNDA:7,createUserController
FNDA:0,getAllUsersController
FNDA:0,getUserController
FNDA:0,deleteUserController
FNDA:0,updateUserController
DA:1,1
DA:2,1
DA:3,1
DA:4,1
DA:5,1
DA:6,7
DA:7,7
DA:8,7
DA:9,7
DA:10,7
DA:11,1
DA:12,1
DA:13,0
DA:14,0
DA:15,0
DA:16,1
DA:17,1
DA:18,0
DA:19,0
DA:20,0
DA:21,1
DA:22,1
DA:23,0
DA:24,0
DA:25,0
DA:26,1
DA:27,1
DA:28,0
DA:29,0
DA:30,0
DA:31,0
DA:32,0
DA:33,0
LF:33
LH:18
BRDA:5,0,0,7
BRDA:5,1,0,7
BRF:2
BRH:2
end_of_record
TN:
SF:src\entities\companies.entity.ts
FNF:0
FNH:0
DA:1,1
DA:2,1
DA:3,1
DA:4,1
DA:5,1
DA:6,1
DA:7,1
DA:8,1
DA:9,1
DA:10,1
DA:11,1
DA:12,1
DA:13,1
DA:14,1
DA:15,1
DA:16,1
DA:17,1
DA:18,1
DA:19,1
DA:20,1
DA:21,1
DA:22,1
DA:23,1
DA:24,1
DA:25,1
DA:26,1
LF:26
LH:26
BRDA:19,0,0,2
BRDA:19,1,0,2
BRDA:22,2,0,2
BRDA:22,3,0,2
BRF:4
BRH:4
end_of_record
TN:
SF:src\entities\jobs.entity.ts
FN:28,Object.<anonymous>.__decorate.onDelete
FN:28,Object.<anonymous>.__decorate.onDelete
FNF:2
FNH:2
FNDA:2,Object.<anonymous>.__decorate.onDelete
FNDA:2,Object.<anonymous>.__decorate.onDelete
DA:1,1
DA:2,1
DA:3,1
DA:4,1
DA:5,1
DA:6,1
DA:7,1
DA:8,1
DA:9,1
DA:10,1
DA:11,1
DA:12,1
DA:13,1
DA:14,1
DA:15,1
DA:16,1
DA:17,1
DA:18,1
DA:19,1
DA:20,1
DA:21,1
DA:22,1
DA:23,1
DA:24,1
DA:25,1
DA:26,1
DA:27,1
DA:28,1
DA:29,1
DA:30,1
DA:31,1
DA:32,1
DA:33,1
DA:34,1
DA:35,1
DA:36,1
DA:37,1
DA:38,1
LF:38
LH:38
BRDA:28,0,0,2
BRDA:28,1,0,2
BRDA:31,2,0,2
BRDA:31,3,0,2
BRDA:34,4,0,2
BRDA:34,5,0,2
BRF:6
BRH:6
end_of_record
TN:
SF:src\entities\technologies.entity.ts
FNF:0
FNH:0
DA:1,1
DA:2,1
DA:3,1
DA:4,1
DA:5,1
DA:6,1
DA:7,1
DA:8,1
DA:9,1
DA:10,1
DA:11,1
DA:12,1
DA:13,1
DA:14,1
DA:15,1
DA:16,1
DA:17,1
DA:18,1
LF:18
LH:18
BRDA:14,0,0,2
BRDA:14,1,0,2
BRF:2
BRH:2
end_of_record
TN:
SF:src\entities\technologiesJobs.entity.ts
FN:15,Object.<anonymous>.__decorate.onDelete
FN:15,Object.<anonymous>.__decorate.onDelete
FNF:2
FNH:2
FNDA:2,Object.<anonymous>.__decorate.onDelete
FNDA:2,Object.<anonymous>.__decorate.onDelete
DA:1,1
DA:2,1
DA:3,1
DA:4,1
DA:5,1
DA:6,1
DA:7,1
DA:8,1
DA:9,1
DA:10,1
DA:11,1
DA:12,1
DA:13,1
DA:14,1
DA:15,1
DA:16,1
DA:17,1
DA:18,1
DA:19,1
LF:19
LH:19
BRDA:12,0,0,2
BRDA:12,1,0,2
BRDA:15,2,0,2
BRDA:15,3,0,2
BRF:4
BRH:4
end_of_record
TN:
SF:src\entities\users.entity.ts
FN:49,isActiveChanged
FN:55,hashPassword
FNF:2
FNH:1
FNDA:0,isActiveChanged
FNDA:7,hashPassword
DA:1,1
DA:2,1
DA:3,1
DA:4,1
DA:5,1
DA:6,1
DA:7,1
DA:8,1
DA:9,1
DA:10,1
DA:11,1
DA:12,1
DA:13,1
DA:14,1
DA:15,1
DA:16,1
DA:17,1
DA:18,1
DA:19,1
DA:20,1
DA:21,1
DA:22,1
DA:23,1
DA:24,1
DA:25,1
DA:26,1
DA:27,1
DA:28,1
DA:29,1
DA:30,1
DA:31,1
DA:32,1
DA:33,1
DA:34,1
DA:35,1
DA:36,1
DA:37,1
DA:38,1
DA:39,1
DA:40,1
DA:41,1
DA:42,1
DA:43,1
DA:44,1
DA:45,1
DA:46,1
DA:47,1
DA:48,1
DA:49,1
DA:50,0
DA:51,0
DA:52,1
DA:53,1
DA:54,1
DA:55,1
DA:56,7
DA:57,7
DA:58,1
DA:59,1
DA:60,1
DA:61,1
DA:62,1
DA:63,1
DA:64,1
DA:65,1
DA:66,1
LF:66
LH:64
BRDA:55,0,0,7
BRDA:59,1,0,2
BRDA:59,2,0,2
BRDA:62,3,0,2
BRDA:62,4,0,2
BRF:5
BRH:5
end_of_record
TN:
SF:src\entities\usersJobs.entity.ts
FN:14,Object.<anonymous>.__decorate.onDelete
FN:14,Object.<anonymous>.__decorate.onDelete
FNF:2
FNH:2
FNDA:2,Object.<anonymous>.__decorate.onDelete
FNDA:2,Object.<anonymous>.__decorate.onDelete
DA:1,1
DA:2,1
DA:3,1
DA:4,1
DA:5,1
DA:6,1
DA:7,1
DA:8,1
DA:9,1
DA:10,1
DA:11,1
DA:12,1
DA:13,1
DA:14,1
DA:15,1
DA:16,1
DA:17,1
DA:18,1
LF:18
LH:18
BRDA:11,0,0,2
BRDA:11,1,0,2
BRDA:14,2,0,2
BRDA:14,3,0,2
BRF:4
BRH:4
end_of_record
TN:
SF:src\errors\AppError.ts
FN:4,AppError
FNF:1
FNH:1
FNDA:33,AppError
DA:1,1
DA:2,1
DA:3,1
DA:4,1
DA:5,33
DA:6,33
DA:7,33
DA:8,33
DA:9,1
DA:10,1
DA:11,1
LF:11
LH:11
BRDA:4,0,0,33
BRF:1
BRH:1
end_of_record
TN:
SF:src\errors\handleError.ts
FN:4,handleError
FNF:1
FNH:1
FNDA:33,handleError
DA:1,1
DA:2,1
DA:3,1
DA:4,1
DA:5,33
DA:6,33
DA:7,33
DA:8,33
DA:9,0
DA:10,0
DA:11,0
DA:12,0
DA:13,0
DA:14,1
DA:15,1
LF:15
LH:10
BRDA:4,0,0,33
BRDA:4,1,0,33
BRDA:9,2,0,0
BRF:3
BRH:2
end_of_record
TN:
SF:src\middlewares\ensuranceIsOwnerCompany.middleware.ts
FN:6,ensuranceIsOwnerCompanyMiddleware
FNF:1
FNH:0
FNDA:0,ensuranceIsOwnerCompanyMiddleware
DA:1,1
DA:2,1
DA:3,1
DA:4,1
DA:5,1
DA:6,1
DA:7,0
DA:8,0
DA:9,0
DA:10,0
DA:11,0
DA:12,0
DA:13,0
DA:14,0
DA:15,0
DA:16,0
DA:17,0
DA:18,0
DA:19,0
DA:20,0
DA:21,0
DA:22,0
DA:23,0
DA:24,0
LF:24
LH:6
BRF:0
BRH:0
end_of_record
TN:
SF:src\middlewares\ensuranceIsOwnerJob.middleware.ts
FN:7,ensuranceIsOwnerJobMiddleware
FNF:1
FNH:1
FNDA:3,ensuranceIsOwnerJobMiddleware
DA:1,1
DA:2,1
DA:3,1
DA:4,1
DA:5,1
DA:6,1
DA:7,1
DA:8,3
DA:9,3
DA:10,3
DA:11,3
DA:12,3
DA:13,3
DA:14,3
DA:15,3
DA:16,3
DA:17,3
DA:18,3
DA:19,3
DA:20,3
DA:21,3
DA:22,3
DA:23,3
DA:24,3
DA:25,3
DA:26,3
DA:27,3
DA:28,3
DA:29,3
DA:30,3
DA:31,3
DA:32,2
DA:33,2
DA:34,1
DA:35,1
DA:36,1
LF:36
LH:36
BRDA:7,0,0,3
BRDA:7,1,0,3
BRDA:31,2,0,2
BRDA:34,3,0,1
BRF:4
BRH:4
end_of_record
TN:
SF:src\middlewares\ensuranceIsUserExists.middleware.ts
FN:7,ensuranceIsUserExists
FNF:1
FNH:0
FNDA:0,ensuranceIsUserExists
DA:1,1
DA:2,1
DA:3,1
DA:4,1
DA:5,1
DA:6,1
DA:7,1
DA:8,0
DA:9,0
DA:10,0
DA:11,0
DA:12,0
DA:13,0
DA:14,0
DA:15,0
DA:16,0
DA:17,0
DA:18,0
DA:19,0
DA:20,0
DA:21,0
DA:22,0
DA:23,0
DA:24,0
LF:24
LH:7
BRF:0
BRH:0
end_of_record
TN:
SF:src\middlewares\ensuranceUserIsAdm.middleware.ts
FN:6,ensuranceUserIsAdmMiddleware
FNF:1
FNH:1
FNDA:17,ensuranceUserIsAdmMiddleware
DA:1,1
DA:2,1
DA:3,1
DA:4,1
DA:5,1
DA:6,1
DA:7,17
DA:8,17
DA:9,17
DA:10,17
DA:11,17
DA:12,17
DA:13,17
DA:14,17
DA:15,17
DA:16,17
DA:17,3
DA:18,3
DA:19,14
DA:20,14
DA:21,14
LF:21
LH:21
BRDA:6,0,0,17
BRDA:6,1,0,17
BRDA:16,2,0,3
BRDA:19,3,0,14
BRF:4
BRH:4
end_of_record
TN:
SF:src\middlewares\ensureAuth.middleware.ts
FN:6,ensureAuthMiddleware
FNF:1
FNH:1
FNDA:42,ensureAuthMiddleware
DA:1,1
DA:2,1
DA:3,1
DA:4,1
DA:5,1
DA:6,1
DA:7,42
DA:8,42
DA:9,42
DA:10,42
DA:11,8
DA:12,8
DA:13,34
DA:14,34
DA:15,34
DA:16,34
DA:17,34
DA:18,0
DA:19,0
DA:20,34
DA:21,34
DA:22,34
DA:23,34
DA:24,34
DA:25,34
DA:26,34
DA:27,34
DA:28,34
LF:28
LH:26
BRDA:6,0,0,42
BRDA:6,1,0,42
BRDA:10,2,0,8
BRDA:13,3,0,34
BRDA:16,4,0,34
BRDA:17,5,0,0
BRF:6
BRH:5
end_of_record
TN:
SF:src\middlewares\ensureEmailExists.middleware.ts
FN:7,ensureEmailExistsMiddleware
FNF:1
FNH:1
FNDA:44,ensureEmailExistsMiddleware
DA:1,1
DA:2,1
DA:3,1
DA:4,1
DA:5,1
DA:6,1
DA:7,1
DA:8,44
DA:9,44
DA:10,44
DA:11,44
DA:12,44
DA:13,44
DA:14,44
DA:15,44
DA:16,37
DA:17,6
DA:18,6
DA:19,31
DA:20,31
DA:21,31
DA:22,31
DA:23,7
DA:24,7
LF:24
LH:24
BRDA:7,0,0,44
BRDA:7,1,0,44
BRDA:15,2,0,37
BRDA:16,3,0,6
BRDA:19,4,0,31
BRDA:23,5,0,7
BRF:6
BRH:6
end_of_record
TN:
SF:src\middlewares\ensureIDCompanyExists.middleware.ts
FN:7,ensureIDCompanyExistsMiddleware
FNF:1
FNH:1
FNDA:2,ensureIDCompanyExistsMiddleware
DA:1,1
DA:2,1
DA:3,1
DA:4,1
DA:5,1
DA:6,1
DA:7,1
DA:8,2
DA:9,2
DA:10,2
DA:11,2
DA:12,2
DA:13,2
DA:14,2
DA:15,2
DA:16,2
DA:17,0
DA:18,0
DA:19,0
DA:20,0
LF:20
LH:16
BRDA:7,0,0,2
BRDA:7,1,0,2
BRDA:16,2,0,0
BRF:3
BRH:2
end_of_record
TN:
SF:src\middlewares\ensureIDExists.middleware.ts
FN:6,ensureIDExistsMiddleware
FNF:1
FNH:0
FNDA:0,ensureIDExistsMiddleware
DA:1,1
DA:2,1
DA:3,1
DA:4,1
DA:5,1
DA:6,1
DA:7,0
DA:8,0
DA:9,0
DA:10,0
DA:11,0
DA:12,0
DA:13,0
DA:14,0
DA:15,0
DA:16,0
DA:17,0
DA:18,0
DA:19,0
LF:19
LH:6
BRF:0
BRH:0
end_of_record
TN:
SF:src\middlewares\ensureIsValidForPatch.middleware.ts
FN:4,ensureIsValidForPatchMiddleware
FNF:1
FNH:0
FNDA:0,ensureIsValidForPatchMiddleware
DA:1,1
DA:2,1
DA:3,1
DA:4,1
DA:5,0
DA:6,0
DA:7,0
DA:8,0
DA:9,0
DA:10,0
DA:11,0
DA:12,0
DA:13,0
DA:14,0
LF:14
LH:4
BRF:0
BRH:0
end_of_record
TN:
SF:src\middlewares\ensureJobExists.middleware.ts
FN:7,ensureJobExistsMiddleware
FNF:1
FNH:1
FNDA:4,ensureJobExistsMiddleware
DA:1,1
DA:2,1
DA:3,1
DA:4,1
DA:5,1
DA:6,1
DA:7,1
DA:8,4
DA:9,4
DA:10,4
DA:11,4
DA:12,4
DA:13,4
DA:14,4
DA:15,4
DA:16,4
DA:17,1
DA:18,1
DA:19,3
DA:20,3
DA:21,3
LF:21
LH:21
BRDA:7,0,0,4
BRDA:7,1,0,4
BRDA:16,2,0,1
BRDA:18,3,0,3
BRF:4
BRH:4
end_of_record
TN:
SF:src\middlewares\index.ts
FN:10,get
FN:10,get
FN:10,get
FN:10,get
FN:10,get
FN:10,get
FN:10,get
FN:10,get
FNF:8
FNH:7
FNDA:2,get
FNDA:4,get
FNDA:16,get
FNDA:0,get
FNDA:4,get
FNDA:8,get
FNDA:6,get
FNDA:2,get
DA:1,1
DA:2,1
DA:3,1
DA:4,1
DA:5,1
DA:6,1
DA:7,1
DA:8,1
DA:9,1
DA:10,1
LF:10
LH:10
BRDA:10,0,0,2
BRDA:10,1,0,4
BRDA:10,2,0,16
BRDA:10,3,0,4
BRDA:10,4,0,8
BRDA:10,5,0,6
BRDA:10,6,0,2
BRF:7
BRH:7
end_of_record
TN:
SF:src\middlewares\validateSchema.middleware.ts
FN:4,ensurePatchDataIsValidMiddleware
FNF:1
FNH:1
FNDA:2,ensurePatchDataIsValidMiddleware
DA:1,1
DA:2,1
DA:3,1
DA:4,1
DA:5,5
DA:6,5
DA:7,5
DA:8,5
DA:9,5
DA:10,3
DA:11,3
DA:12,3
DA:13,3
DA:14,2
DA:15,2
DA:16,5
LF:16
LH:16
BRDA:4,0,0,2
BRDA:4,1,0,5
BRDA:4,2,0,5
BRDA:10,3,0,3
BRDA:13,4,0,2
BRF:5
BRH:5
end_of_record
TN:
SF:src\router\index.ts
FNF:0
FNH:0
DA:1,1
DA:2,1
DA:3,1
DA:4,1
DA:5,1
DA:6,1
DA:7,1
DA:8,1
LF:8
LH:8
BRF:0
BRH:0
end_of_record
TN:
SF:src\router\companies\companies.routes.ts
FNF:0
FNH:0
DA:1,1
DA:2,1
DA:3,1
DA:4,1
DA:5,1
DA:6,1
DA:7,1
DA:8,1
DA:9,1
DA:10,1
DA:11,1
DA:12,1
DA:13,1
DA:14,1
DA:15,1
DA:16,1
DA:17,1
DA:18,1
LF:18
LH:18
BRF:0
BRH:0
end_of_record
TN:
SF:src\router\jobs\jobUser.routes.ts
FNF:0
FNH:0
DA:1,1
DA:2,1
DA:3,1
DA:4,1
DA:5,1
DA:6,1
DA:7,1
DA:8,1
DA:9,1
DA:10,1
DA:11,1
DA:12,1
DA:13,1
DA:14,1
LF:14
LH:14
BRF:0
BRH:0
end_of_record
TN:
SF:src\router\jobs\jobs.routes.ts
FNF:0
FNH:0
DA:1,1
DA:2,1
DA:3,1
DA:4,1
DA:5,1
DA:6,1
DA:7,1
DA:8,1
DA:9,1
DA:10,1
DA:11,1
DA:12,1
DA:13,1
DA:14,1
DA:15,1
DA:16,1
DA:17,1
DA:18,1
DA:19,1
DA:20,1
DA:21,1
DA:22,1
LF:22
LH:22
BRF:0
BRH:0
end_of_record
TN:
SF:src\router\session\session.routes.ts
FNF:0
FNH:0
DA:1,1
DA:2,1
DA:3,1
DA:4,1
DA:5,1
DA:6,1
DA:7,1
DA:8,1
DA:9,1
LF:9
LH:9
BRF:0
BRH:0
end_of_record
TN:
SF:src\router\techs\techs.routes.ts
FNF:0
FNH:0
DA:1,1
DA:2,1
DA:3,1
DA:4,1
DA:5,1
DA:6,1
DA:7,1
DA:8,1
LF:8
LH:8
BRF:0
BRH:0
end_of_record
TN:
SF:src\router\users\users.routes.ts
FNF:0
FNH:0
DA:1,1
DA:2,1
DA:3,1
DA:4,1
DA:5,1
DA:6,1
DA:7,1
DA:8,1
DA:9,1
DA:10,1
DA:11,1
DA:12,1
DA:13,1
LF:13
LH:13
BRF:0
BRH:0
end_of_record
TN:
SF:src\schemas\index.ts
FN:8,get
FN:8,get
FN:8,get
FN:8,get
FN:8,get
FN:8,get
FNF:6
FNH:2
FNDA:7,get
FNDA:0,get
FNDA:0,get
FNDA:0,get
FNDA:31,get
FNDA:0,get
DA:1,1
DA:2,1
DA:3,1
DA:4,1
DA:5,1
DA:6,1
DA:7,1
DA:8,1
LF:8
LH:8
BRDA:8,0,0,7
BRDA:8,1,0,31
BRF:2
BRH:2
end_of_record
TN:
SF:src\schemas\companies\companies.schemas.ts
FNF:0
FNH:0
DA:1,1
DA:2,1
DA:3,1
DA:4,1
DA:5,1
DA:6,1
DA:7,1
DA:8,1
DA:9,1
DA:10,1
DA:11,1
DA:12,1
DA:13,1
DA:14,1
DA:15,1
DA:16,1
LF:16
LH:16
BRF:0
BRH:0
end_of_record
TN:
SF:src\schemas\jobs\job.serializer.ts
FNF:0
FNH:0
DA:1,1
DA:2,1
DA:3,1
DA:4,1
DA:5,1
DA:6,1
DA:7,1
DA:8,1
DA:9,1
DA:10,1
DA:11,1
DA:12,1
DA:13,1
DA:14,1
DA:15,1
DA:16,1
DA:17,1
DA:18,1
DA:19,1
DA:20,1
DA:21,1
DA:22,1
DA:23,1
DA:24,1
DA:25,1
DA:26,1
DA:27,1
DA:28,1
DA:29,1
DA:30,1
LF:30
LH:30
BRF:0
BRH:0
end_of_record
TN:
SF:src\schemas\session\session.schemas.ts
FNF:0
FNH:0
DA:1,1
DA:2,1
DA:3,1
DA:4,1
DA:5,1
DA:6,1
DA:7,1
DA:8,1
LF:8
LH:8
BRF:0
BRH:0
end_of_record
TN:
SF:src\schemas\users\user.schemas.ts
FNF:0
FNH:0
DA:1,1
DA:2,1
DA:3,1
DA:4,1
DA:5,1
DA:6,1
DA:7,1
DA:8,1
DA:9,1
DA:10,1
DA:11,1
DA:12,1
DA:13,1
DA:14,1
DA:15,1
DA:16,1
DA:17,1
DA:18,1
DA:19,1
DA:20,1
DA:21,1
DA:22,1
DA:23,1
LF:23
LH:23
BRF:0
BRH:0
end_of_record
TN:
SF:src\services\index.ts
FN:15,get
FN:15,get
FN:15,get
FN:15,get
FN:15,get
FN:15,get
FN:15,get
FN:15,get
FN:15,get
FN:15,get
FN:15,get
FN:15,get
FN:15,get
FNF:13
FNH:8
FNDA:3,get
FNDA:2,get
FNDA:2,get
FNDA:13,get
FNDA:1,get
FNDA:3,get
FNDA:0,get
FNDA:7,get
FNDA:31,get
FNDA:0,get
FNDA:0,get
FNDA:0,get
FNDA:0,get
DA:1,1
DA:2,1
DA:3,1
DA:4,1
DA:5,1
DA:6,1
DA:7,1
DA:8,1
DA:9,1
DA:10,1
DA:11,1
DA:12,1
DA:13,1
DA:14,1
DA:15,1
LF:15
LH:15
BRDA:15,0,0,3
BRDA:15,1,0,2
BRDA:15,2,0,2
BRDA:15,3,0,13
BRDA:15,4,0,1
BRDA:15,5,0,3
BRDA:15,6,0,7
BRDA:15,7,0,31
BRF:8
BRH:8
end_of_record
TN:
SF:src\services\companies\createCompany.service.ts
FN:7,createCompanyService
FNF:1
FNH:1
FNDA:5,createCompanyService
DA:1,1
DA:2,1
DA:3,1
DA:4,1
DA:5,1
DA:6,1
DA:7,1
DA:8,5
DA:9,5
DA:10,5
DA:11,5
DA:12,5
DA:13,5
DA:14,5
DA:15,5
DA:16,2
DA:17,2
DA:18,3
DA:19,3
DA:20,3
DA:21,3
DA:22,3
DA:23,3
DA:24,3
DA:25,3
DA:26,3
DA:27,3
DA:28,3
DA:29,3
DA:30,3
DA:31,1
DA:32,1
LF:32
LH:32
BRDA:7,0,0,5
BRDA:7,1,0,5
BRDA:15,2,0,3
BRDA:15,3,0,2
BRF:4
BRH:4
end_of_record
TN:
SF:src\services\companies\deleteCompany.service.ts
FN:5,deleteCompanyService
FNF:1
FNH:0
FNDA:0,deleteCompanyService
DA:1,1
DA:2,1
DA:3,1
DA:4,1
DA:5,1
DA:6,0
DA:7,0
DA:8,0
DA:9,0
DA:10,0
DA:11,0
DA:12,0
DA:13,0
DA:14,0
DA:15,0
DA:16,0
DA:17,0
DA:18,0
DA:19,0
DA:20,0
DA:21,0
DA:22,1
DA:23,1
LF:23
LH:7
BRF:0
BRH:0
end_of_record
TN:
SF:src\services\companies\listAllCompanies.service.ts
FN:4,listAllCompaniesService
FNF:1
FNH:1
FNDA:6,listAllCompaniesService
DA:1,1
DA:2,1
DA:3,1
DA:4,1
DA:5,6
DA:6,6
DA:7,6
DA:8,6
DA:9,6
DA:10,1
DA:11,1
LF:11
LH:11
BRDA:4,0,0,6
BRDA:4,1,0,6
BRF:2
BRH:2
end_of_record
TN:
SF:src\services\companies\uptadeCompany.service.ts
FN:7,uptadeCompanyService
FNF:1
FNH:0
FNDA:0,uptadeCompanyService
DA:1,1
DA:2,1
DA:3,1
DA:4,1
DA:5,1
DA:6,1
DA:7,1
DA:8,0
DA:9,0
DA:10,0
DA:11,0
DA:12,0
DA:13,0
DA:14,0
DA:15,0
DA:16,0
DA:17,0
DA:18,0
DA:19,0
DA:20,0
DA:21,0
DA:22,0
DA:23,0
DA:24,0
DA:25,0
DA:26,0
DA:27,0
DA:28,0
DA:29,1
DA:30,1
LF:30
LH:9
BRF:0
BRH:0
end_of_record
TN:
SF:src\services\jobToUser\createJobUser.service.ts
FN:10,createJobToUserService
FNF:1
FNH:1
FNDA:5,createJobToUserService
DA:1,1
DA:2,1
DA:3,1
DA:4,1
DA:5,1
DA:6,1
DA:7,1
DA:8,1
DA:9,1
DA:10,1
DA:11,5
DA:12,5
DA:13,5
DA:14,5
DA:15,5
DA:16,5
DA:17,5
DA:18,5
DA:19,5
DA:20,5
DA:21,5
DA:22,5
DA:23,5
DA:24,5
DA:25,5
DA:26,5
DA:27,5
DA:28,5
DA:29,5
DA:30,5
DA:31,5
DA:32,5
DA:33,5
DA:34,3
DA:35,3
DA:36,2
DA:37,2
DA:38,2
DA:39,2
DA:40,2
DA:41,2
DA:42,2
DA:43,2
DA:44,2
DA:45,2
DA:46,2
DA:47,1
DA:48,1
LF:48
LH:48
BRDA:10,0,0,5
BRDA:10,1,0,5
BRDA:33,2,0,4
BRDA:33,3,0,3
BRDA:36,4,0,2
BRF:5
BRH:5
end_of_record
TN:
SF:src\services\jobToUser\deleteJobToUser.service.ts
FN:5,deleteJobToUserService
FNF:1
FNH:1
FNDA:2,deleteJobToUserService
DA:1,1
DA:2,1
DA:3,1
DA:4,1
DA:5,1
DA:6,2
DA:7,2
DA:8,2
DA:9,2
DA:10,2
DA:11,2
DA:12,2
DA:13,2
DA:14,1
DA:15,1
DA:16,1
DA:17,1
DA:18,1
DA:19,1
DA:20,1
DA:21,1
DA:22,1
DA:23,1
DA:24,1
LF:24
LH:24
BRDA:5,0,0,2
BRDA:5,1,0,2
BRDA:13,2,0,1
BRF:3
BRH:3
end_of_record
TN:
SF:src\services\jobToUser\listJobToUser.service.ts
FN:6,listJobToUserService
FNF:1
FNH:1
FNDA:3,listJobToUserService
DA:1,1
DA:2,1
DA:3,1
DA:4,1
DA:5,1
DA:6,1
DA:7,3
DA:8,3
DA:9,3
DA:10,3
DA:11,3
DA:12,3
DA:13,3
DA:14,3
DA:15,3
DA:16,3
DA:17,3
DA:18,3
DA:19,3
DA:20,3
DA:21,3
DA:22,3
DA:23,3
DA:24,1
DA:25,1
LF:25
LH:25
BRDA:6,0,0,3
BRDA:6,1,0,3
BRF:2
BRH:2
end_of_record
TN:
SF:src\services\jobs\createJob.service.ts
FN:11,createJobService
FNF:1
FNH:1
FNDA:3,createJobService
DA:1,1
DA:2,1
DA:3,1
DA:4,1
DA:5,1
DA:6,1
DA:7,1
DA:8,1
DA:9,1
DA:10,1
DA:11,1
DA:12,3
DA:13,3
DA:14,3
DA:15,3
DA:16,3
DA:17,3
DA:18,3
DA:19,3
DA:20,3
DA:21,3
DA:22,0
DA:23,0
DA:24,3
DA:25,3
DA:26,3
DA:27,3
DA:28,3
DA:29,3
DA:30,3
DA:31,3
DA:32,3
DA:33,3
DA:34,1
DA:35,1
DA:36,2
DA:37,2
DA:38,2
DA:39,2
DA:40,2
DA:41,2
DA:42,2
DA:43,2
DA:44,2
DA:45,2
DA:46,2
DA:47,2
DA:48,2
DA:49,2
DA:50,2
DA:51,2
DA:52,2
DA:53,2
DA:54,2
DA:55,2
DA:56,2
DA:57,2
DA:58,2
DA:59,2
DA:60,2
DA:61,2
DA:62,2
DA:63,2
DA:64,2
DA:65,2
DA:66,2
DA:67,2
DA:68,2
DA:69,2
DA:70,2
DA:71,2
DA:72,2
DA:73,2
DA:74,2
DA:75,2
DA:76,2
DA:77,2
DA:78,2
DA:79,2
DA:80,2
DA:81,2
DA:82,0
DA:83,0
DA:84,0
DA:85,0
DA:86,0
DA:87,0
DA:88,0
DA:89,0
DA:90,0
DA:91,0
DA:92,0
DA:93,0
DA:94,0
DA:95,0
DA:96,0
DA:97,0
DA:98,0
DA:99,0
DA:100,0
DA:101,0
DA:102,0
DA:103,0
DA:104,0
DA:105,0
DA:106,0
DA:107,0
DA:108,0
DA:109,0
DA:110,0
DA:111,0
DA:112,0
DA:113,0
DA:114,0
DA:115,0
DA:116,0
DA:117,0
DA:118,0
DA:119,0
DA:120,0
DA:121,0
DA:122,0
DA:123,0
DA:124,0
DA:125,0
DA:126,0
DA:127,0
DA:128,0
DA:129,0
DA:130,0
DA:131,0
DA:132,0
DA:133,0
DA:134,0
DA:135,0
DA:136,0
DA:137,0
DA:138,0
DA:139,0
DA:140,0
DA:141,0
DA:142,0
DA:143,0
DA:144,0
DA:145,0
DA:146,0
DA:147,0
DA:148,0
DA:149,0
DA:150,0
DA:151,0
LF:151
LH:79
BRDA:11,0,0,3
BRDA:11,1,0,3
BRDA:21,2,0,0
BRDA:33,3,0,2
BRDA:33,4,0,1
BRDA:82,5,0,0
BRDA:102,6,0,0
BRF:7
BRH:4
end_of_record
TN:
SF:src\services\jobs\deleteJob.service.ts
FN:5,deleteJobService
FNF:1
FNH:0
FNDA:0,deleteJobService
DA:1,1
DA:2,1
DA:3,1
DA:4,1
DA:5,1
DA:6,0
DA:7,0
DA:8,0
LF:8
LH:5
BRF:0
BRH:0
end_of_record
TN:
SF:src\services\jobs\getAllJobs.service.ts
FN:4,getAllJobsService
FNF:1
FNH:1
FNDA:13,getAllJobsService
DA:1,1
DA:2,1
DA:3,1
DA:4,1
DA:5,13
DA:6,13
DA:7,13
DA:8,13
LF:8
LH:8
BRDA:4,0,0,13
BRDA:4,1,0,13
BRF:2
BRH:2
end_of_record
TN:
SF:src\services\jobs\getCandidatesJob.service.ts
FN:8,getCandidatesJobService
FNF:1
FNH:1
FNDA:3,getCandidatesJobService
DA:1,1
DA:2,1
DA:3,1
DA:4,1
DA:5,1
DA:6,1
DA:7,1
DA:8,1
DA:9,3
DA:10,3
DA:11,3
DA:12,3
DA:13,3
DA:14,3
DA:15,3
DA:16,3
DA:17,3
DA:18,3
DA:19,3
DA:20,3
DA:21,3
DA:22,3
DA:23,3
DA:24,3
DA:25,3
DA:26,3
DA:27,3
DA:28,3
DA:29,3
DA:30,3
DA:31,3
DA:32,0
DA:33,0
DA:34,3
DA:35,3
DA:36,3
DA:37,1
DA:38,1
DA:39,2
DA:40,2
DA:41,3
DA:42,1
DA:43,1
DA:44,1
DA:45,1
DA:46,1
DA:47,1
DA:48,1
DA:49,1
DA:50,1
DA:51,1
DA:52,1
DA:53,1
DA:54,1
LF:54
LH:52
BRDA:8,0,0,3
BRDA:8,1,0,3
BRDA:31,2,0,0
BRDA:36,3,0,1
BRDA:39,4,0,2
BRDA:41,5,0,1
BRF:6
BRH:5
end_of_record
TN:
SF:src\services\jobs\getCompanyJobs.service.ts
FN:5,getCompanyJobsService
FNF:1
FNH:1
FNDA:2,getCompanyJobsService
DA:1,1
DA:2,1
DA:3,1
DA:4,1
DA:5,1
DA:6,2
DA:7,2
DA:8,2
DA:9,2
DA:10,2
DA:11,1
DA:12,1
DA:13,1
DA:14,1
DA:15,1
DA:16,1
DA:17,1
DA:18,1
DA:19,1
LF:19
LH:19
BRDA:5,0,0,2
BRDA:5,1,0,2
BRDA:10,2,0,1
BRF:3
BRH:3
end_of_record
TN:
SF:src\services\jobs\getTechnologiesJobs.service.ts
FN:5,getTechnologiesJobsService
FNF:1
FNH:1
FNDA:2,getTechnologiesJobsService
DA:1,1
DA:2,1
DA:3,1
DA:4,1
DA:5,1
DA:6,2
DA:7,2
DA:8,2
DA:9,2
DA:10,2
DA:11,1
DA:12,1
DA:13,1
DA:14,1
DA:15,1
DA:16,1
DA:17,1
DA:18,1
DA:19,1
DA:20,1
DA:21,1
DA:22,1
LF:22
LH:22
BRDA:5,0,0,2
BRDA:5,1,0,2
BRDA:10,2,0,1
BRF:3
BRH:3
end_of_record
TN:
SF:src\services\jobs\updateJob.service.ts
FN:6,updateJobService
FNF:1
FNH:1
FNDA:1,updateJobService
DA:1,1
DA:2,1
DA:3,1
DA:4,1
DA:5,1
DA:6,1
DA:7,1
DA:8,1
DA:9,1
DA:10,1
DA:11,0
DA:12,0
DA:13,1
DA:14,1
DA:15,1
DA:16,1
DA:17,1
DA:18,1
DA:19,1
DA:20,1
DA:21,1
DA:22,1
LF:22
LH:20
BRDA:6,0,0,1
BRDA:6,1,0,1
BRDA:10,2,0,0
BRF:3
BRH:2
end_of_record
TN:
SF:src\services\techs\listTechs.service.ts
FN:5,listTechnologiesService
FNF:1
FNH:1
FNDA:2,listTechnologiesService
DA:1,1
DA:2,1
DA:3,1
DA:4,1
DA:5,1
DA:6,2
DA:7,2
DA:8,2
DA:9,2
DA:10,2
DA:11,2
DA:12,2
DA:13,1
DA:14,1
LF:14
LH:14
BRDA:5,0,0,2
BRDA:5,1,0,2
BRF:2
BRH:2
end_of_record
TN:
SF:src\services\users\createUserService.service.ts
FN:7,createUserService
FNF:1
FNH:1
FNDA:7,createUserService
DA:1,1
DA:2,1
DA:3,1
DA:4,1
DA:5,1
DA:6,1
DA:7,1
DA:8,7
DA:9,7
DA:10,7
DA:11,7
DA:12,7
DA:13,7
DA:14,7
DA:15,7
DA:16,7
DA:17,7
DA:18,7
DA:19,7
DA:20,7
DA:21,0
DA:22,0
DA:23,7
LF:23
LH:21
BRDA:7,0,0,7
BRDA:7,1,0,7
BRDA:20,2,0,0
BRF:3
BRH:2
end_of_record
TN:
SF:src\services\users\deleteUserService.service.ts
FN:5,deleteUserService
FNF:1
FNH:0
FNDA:0,deleteUserService
DA:1,1
DA:2,1
DA:3,1
DA:4,1
DA:5,1
DA:6,0
DA:7,0
DA:8,0
DA:9,0
DA:10,0
DA:11,0
DA:12,0
DA:13,0
DA:14,0
LF:14
LH:5
BRF:0
BRH:0
end_of_record
TN:
SF:src\services\users\getAllUsersService.service.ts
FN:4,getAllUsersService
FNF:1
FNH:0
FNDA:0,getAllUsersService
DA:1,1
DA:2,1
DA:3,1
DA:4,1
DA:5,0
DA:6,0
DA:7,0
DA:8,0
DA:9,0
LF:9
LH:4
BRF:0
BRH:0
end_of_record
TN:
SF:src\services\users\getUserService.service.ts
FN:4,getUserService
FNF:1
FNH:0
FNDA:0,getUserService
DA:1,1
DA:2,1
DA:3,1
DA:4,1
DA:5,0
DA:6,0
DA:7,0
DA:8,0
DA:9,0
DA:10,0
LF:10
LH:4
BRF:0
BRH:0
end_of_record
TN:
SF:src\services\users\sessionService.service.ts
FN:8,sessionService
FNF:1
FNH:1
FNDA:31,sessionService
DA:1,1
DA:2,1
DA:3,1
DA:4,1
DA:5,1
DA:6,1
DA:7,1
DA:8,1
DA:9,31
DA:10,31
DA:11,31
DA:12,31
DA:13,31
DA:14,31
DA:15,31
DA:16,31
DA:17,31
DA:18,0
DA:19,0
DA:20,31
DA:21,31
DA:22,31
DA:23,31
DA:24,31
DA:25,31
DA:26,31
DA:27,31
DA:28,31
DA:29,31
DA:30,31
DA:31,31
DA:32,31
DA:33,31
DA:34,31
DA:35,0
DA:36,0
DA:37,31
LF:37
LH:33
BRDA:8,0,0,31
BRDA:8,1,0,31
BRDA:17,2,0,0
BRDA:34,3,0,0
BRF:4
BRH:2
end_of_record
TN:
SF:src\services\users\updateUserService.service.ts
FN:7,updateUserService
FNF:1
FNH:0
FNDA:0,updateUserService
DA:1,1
DA:2,1
DA:3,1
DA:4,1
DA:5,1
DA:6,1
DA:7,1
DA:8,0
DA:9,0
DA:10,0
DA:11,0
DA:12,0
DA:13,0
DA:14,0
DA:15,0
DA:16,0
DA:17,0
DA:18,0
DA:19,0
DA:20,0
DA:21,0
DA:22,0
DA:23,0
DA:24,0
DA:25,0
DA:26,0
DA:27,0
DA:28,0
DA:29,0
DA:30,0
DA:31,0
DA:32,0
DA:33,0
LF:33
LH:7
BRF:0
BRH:0
end_of_record
